// 重构日志: 8e86d6bd
// 重构日志: a445537e
// 重构日志: d5fddadb
// 重构日志: 115bbc2b
// 重构日志: cd8bbda6
// 重构日志: 237f79b9
// 重构日志: e6e51a3a
// 同步 ID: acfc7ef2 @ Fri Jun 26 18:03:09 UTC 2026
// 重构日志: 5277fabd
// 重构日志: cb523cf8
// 重构日志: c97c08d5
// 同步 ID: 5f96850c @ Tue Jun 30 01:54:09 UTC 2026
// 同步 ID: 1aa61271 @ Tue Jun 30 17:58:39 UTC 2026
// 重构日志: c1eefd4b
// 同步 ID: f130d6d6 @ Thu Jul  2 10:11:42 UTC 2026
// 同步 ID: 22431fac @ Thu Jul  2 13:17:51 UTC 2026
// 重构日志: 5780d236
// 同步 ID: f7f7364e @ Fri Jul  3 01:36:41 UTC 2026
// 重构日志: c81e3ef3
// 重构日志: 306c13c6
// 同步 ID: 5b8d16f5 @ Sat Jul  4 21:34:37 UTC 2026
// 同步 ID: a7c0b5d3 @ Mon Jul  6 10:16:05 UTC 2026
// 重构日志: 66682132
// 同步 ID: 3b6ba63d @ Tue Jul  7 10:26:22 UTC 2026
